<?xml version="1.0" encoding="UTF-8"?>
<testng-results ignored="0" total="1" passed="1" failed="0" skipped="0">
  <reporter-output>
  </reporter-output>
  <suite started-at="2021-05-11T15:59:30 IST" name="Suite" finished-at="2021-05-11T15:59:36 IST" duration-ms="5896">
    <groups>
    </groups>
    <test started-at="2021-05-11T15:59:30 IST" name="Test" finished-at="2021-05-11T15:59:36 IST" duration-ms="5896">
      <class name="testpackage.MavenTest1">
        <test-method is-config="true" signature="beforeTest()[pri:0, instance:testpackage.MavenTest1@1d76aeea]" started-at="2021-05-11T15:59:30 IST" name="beforeTest" finished-at="2021-05-11T15:59:30 IST" duration-ms="6" status="PASS">
          <reporter-output>
          </reporter-output>
        </test-method> <!-- beforeTest -->
        <test-method signature="test()[pri:0, instance:testpackage.MavenTest1@1d76aeea]" started-at="2021-05-11T15:59:30 IST" name="test" finished-at="2021-05-11T15:59:35 IST" duration-ms="4772" status="PASS">
          <reporter-output>
          </reporter-output>
        </test-method> <!-- test -->
        <test-method is-config="true" signature="afterTest()[pri:0, instance:testpackage.MavenTest1@1d76aeea]" started-at="2021-05-11T15:59:35 IST" name="afterTest" finished-at="2021-05-11T15:59:36 IST" duration-ms="1092" status="PASS">
          <reporter-output>
          </reporter-output>
        </test-method> <!-- afterTest -->
      </class> <!-- testpackage.MavenTest1 -->
    </test> <!-- Test -->
  </suite> <!-- Suite -->
</testng-results>
