<?xml version="1.0" encoding="UTF-8"?>
<testng-results ignored="0" total="1" passed="1" failed="0" skipped="0">
  <reporter-output>
  </reporter-output>
  <suite started-at="2021-05-11T15:36:44 IST" name="Surefire suite" finished-at="2021-05-11T15:36:44 IST" duration-ms="37">
    <groups>
    </groups>
    <test started-at="2021-05-11T15:36:44 IST" name="Surefire test" finished-at="2021-05-11T15:36:44 IST" duration-ms="37">
      <class name="MavenProject.MavenProject.AppTest">
        <test-method signature="shouldAnswerWithTrue()" started-at="2021-05-11T15:36:44 IST" name="shouldAnswerWithTrue" finished-at="2021-05-11T15:36:44 IST" duration-ms="5" status="PASS">
          <reporter-output>
          </reporter-output>
        </test-method> <!-- shouldAnswerWithTrue -->
      </class> <!-- MavenProject.MavenProject.AppTest -->
    </test> <!-- Surefire test -->
  </suite> <!-- Surefire suite -->
</testng-results>
