<?xml version="1.0" encoding="UTF-8"?>
<testng-results ignored="0" total="1" passed="1" failed="0" skipped="0">
  <reporter-output>
  </reporter-output>
  <suite started-at="2021-05-11T15:40:21 IST" name="Default suite" finished-at="2021-05-11T15:40:27 IST" duration-ms="5487">
    <groups>
    </groups>
    <test started-at="2021-05-11T15:40:21 IST" name="Default test" finished-at="2021-05-11T15:40:27 IST" duration-ms="5487">
      <class name="testpackage.MavenTest1">
        <test-method is-config="true" signature="beforeTest()[pri:0, instance:testpackage.MavenTest1@9353778]" started-at="2021-05-11T15:40:21 IST" name="beforeTest" finished-at="2021-05-11T15:40:21 IST" duration-ms="6" status="PASS">
          <reporter-output>
          </reporter-output>
        </test-method> <!-- beforeTest -->
        <test-method signature="test()[pri:0, instance:testpackage.MavenTest1@9353778]" started-at="2021-05-11T15:40:21 IST" name="test" finished-at="2021-05-11T15:40:27 IST" duration-ms="5344" status="PASS">
          <reporter-output>
          </reporter-output>
        </test-method> <!-- test -->
        <test-method is-config="true" signature="afterTest()[pri:0, instance:testpackage.MavenTest1@9353778]" started-at="2021-05-11T15:40:27 IST" name="afterTest" finished-at="2021-05-11T15:40:27 IST" duration-ms="111" status="PASS">
          <reporter-output>
          </reporter-output>
        </test-method> <!-- afterTest -->
      </class> <!-- testpackage.MavenTest1 -->
    </test> <!-- Default test -->
  </suite> <!-- Default suite -->
</testng-results>
